<?xml version="1.0" encoding="UTF-8" ?>
<testsuite tests="1" failures="0" name="com.myxh.maven.AppTest" time="0.004" errors="0" skipped="0">
  <properties>
    <property name="java.runtime.name" value="Java(TM) SE Runtime Environment"/>
    <property name="java.vm.version" value="17.0.6+9-LTS-190"/>
    <property name="sun.boot.library.path" value="D:\Program Files\CodePrograms\Java\jdk-17.0.6\bin"/>
    <property name="maven.multiModuleProjectDirectory" value="D:\CodeProjects\Java\Maven\Maven教程课(尚硅谷)项目\maven-workspace\space\pro03-maven-parent"/>
    <property name="java.vm.vendor" value="Oracle Corporation"/>
    <property name="java.vendor.url" value="https://java.oracle.com/"/>
    <property name="guice.disable.misplaced.annotation.check" value="true"/>
    <property name="path.separator" value=";"/>
    <property name="java.vm.name" value="Java HotSpot(TM) 64-Bit Server VM"/>
    <property name="sun.os.patch.level" value=""/>
    <property name="user.script" value=""/>
    <property name="user.country" value="CN"/>
    <property name="sun.java.launcher" value="SUN_STANDARD"/>
    <property name="java.vm.specification.name" value="Java Virtual Machine Specification"/>
    <property name="user.dir" value="D:\CodeProjects\Java\Maven\Maven教程课(尚硅谷)项目\maven-workspace\space\pro03-maven-parent"/>
    <property name="java.vm.compressedOopsMode" value="Zero based"/>
    <property name="java.runtime.version" value="17.0.6+9-LTS-190"/>
    <property name="os.arch" value="amd64"/>
    <property name="java.io.tmpdir" value="C:\Users\17353\AppData\Local\Temp\"/>
    <property name="line.separator" value="
"/>
    <property name="java.vm.specification.vendor" value="Oracle Corporation"/>
    <property name="user.variant" value=""/>
    <property name="os.name" value="Windows 11"/>
    <property name="classworlds.conf" value="D:\Program Files\CodePrograms\Maven\apache-maven-3.8.1\bin\..\bin\m2.conf"/>
    <property name="sun.jnu.encoding" value="UTF-8"/>
    <property name="java.library.path" value="D:\Program Files\CodePrograms\Java\jdk-17.0.6\bin;C:\Windows\Sun\Java\bin;C:\Windows\system32;C:\Windows;C:\Windows;C:\Windows\system32;C:\Windows\System32\Wbem;C:\Windows\System32\WindowsPowerShell\v1.0;C:\Windows\System32\OpenSSH;C:\Windows;C:\Windows\system32;C:\Windows\System32\Wbem;C:\Windows\System32\WindowsPowerShell\v1.0;C:\Windows\System32\OpenSSH;C:\Program Files\NVIDIA Corporation\NVIDIA NvDLISR\;C:\Program Files (x86)\NVIDIA Corporation\PhysX\Common;C:\ProgramData\chocolatey\bin\;D:\Program Files\Bandizip\;D:\Program Files\Prince\engine\bin;D:\Program Files\CodePrograms\Microsoft VS Code\bin;D:\Program Files\CodePrograms\Java\jdk-17.0.6\bin;%MAVEN%\bin;D:\Program Files\CodePrograms\Java\jdk-17.0.6\bin\;D:\Program Files\CodePrograms\Java\jdk-11.0.17\bin\;D:\Program Files\CodePrograms\Maven\apache-maven-3.8.1\bin;D:\Program Files\CodePrograms\Python39\;D:\Program Files\CodePrograms\Python39\Scripts\;D:\Program Files\CodePrograms\Go\bin\;D:\Program Files\CodePrograms\nodejs\;D:\Program Files\CodePrograms\nodejs\node_gaobal\;D:\Program Files\CodePrograms\MySQL\MySQL Server 8.0\bin\;D:\Program Files\CodePrograms\MySQL\MySQL Shell 8.0\bin\;C:\Program Files\Microsoft SQL Server\150\Tools\Binn\;C:\Program Files (x86)\Microsoft SQL Server\150\Tools\Binn\;C:\Program Files\Microsoft SQL Server\150\DTS\Binn\;C:\Program Files (x86)\Microsoft SQL Server\150\DTS\Binn\;C:\Program Files\Microsoft SQL Server\150\Tools\Binn\;C:\Program Files (x86)\Microsoft SQL Server\150\Tools\Binn\;C:\Program Files\Microsoft SQL Server\Client SDK\ODBC\170\Tools\Binn\;D:\Program Files\CodePrograms\Git\cmd\;D:\Program Files\CodePrograms\cURL\curl-7.86.0-win64-mingw\;D:\Program Files\CodePrograms\cURL\curl-7.86.0-win64-mingw\bin\;D:\Program Files\CodePrograms\Netcat\netcat-win32-1.12\;D:\Program Files\CodePrograms\OpenCV\opencv-4.6.0\build\x64\vc15\bin\;C:\Program Files\PlasticSCM5\server\;C:\Program Files\PlasticSCM5\client\;C:\Program Files\dotnet\;C:\Users\17353\AppData\Local\Microsoft\WindowsApps;C:\Users\17353\AppData\Local\JetBrains\Toolbox\scripts\;C:\Users\17353\go\bin\;C:\User\17353\go\bin\;C:\Users\17353\AppData\Roaming\npm\;C:\Program Files\MySQL\MySQL Shell 8.0\bin\;C:\Users\17353\.dotnet\tools;."/>
    <property name="maven.conf" value="D:\Program Files\CodePrograms\Maven\apache-maven-3.8.1\bin\../conf"/>
    <property name="jdk.debug" value="release"/>
    <property name="java.class.version" value="61.0"/>
    <property name="java.specification.name" value="Java Platform API Specification"/>
    <property name="sun.management.compiler" value="HotSpot 64-Bit Tiered Compilers"/>
    <property name="os.version" value="10.0"/>
    <property name="library.jansi.path" value="D:\Program Files\CodePrograms\Maven\apache-maven-3.8.1\bin\..\lib\jansi-native"/>
    <property name="user.home" value="C:\Users\17353"/>
    <property name="user.timezone" value="Asia/Shanghai"/>
    <property name="file.encoding" value="UTF-8"/>
    <property name="java.specification.version" value="17"/>
    <property name="user.name" value="MYXH"/>
    <property name="java.class.path" value="D:\Program Files\CodePrograms\Maven\apache-maven-3.8.1\bin\..\boot\plexus-classworlds-2.6.0.jar"/>
    <property name="java.vm.specification.version" value="17"/>
    <property name="sun.arch.data.model" value="64"/>
    <property name="sun.java.command" value="org.codehaus.plexus.classworlds.launcher.Launcher clean install"/>
    <property name="java.home" value="D:\Program Files\CodePrograms\Java\jdk-17.0.6"/>
    <property name="user.language" value="zh"/>
    <property name="java.specification.vendor" value="Oracle Corporation"/>
    <property name="java.vm.info" value="mixed mode, sharing"/>
    <property name="java.version" value="17.0.6"/>
    <property name="native.encoding" value="UTF-8"/>
    <property name="java.vendor" value="Oracle Corporation"/>
    <property name="sun.stderr.encoding" value="UTF-8"/>
    <property name="maven.home" value="D:\Program Files\CodePrograms\Maven\apache-maven-3.8.1\bin\.."/>
    <property name="file.separator" value="\"/>
    <property name="java.version.date" value="2023-01-17"/>
    <property name="java.vendor.url.bug" value="https://bugreport.java.com/bugreport/"/>
    <property name="sun.io.unicode.encoding" value="UnicodeLittle"/>
    <property name="sun.cpu.endian" value="little"/>
    <property name="sun.stdout.encoding" value="UTF-8"/>
    <property name="sun.cpu.isalist" value="amd64"/>
  </properties>
  <testcase classname="com.myxh.maven.AppTest" name="testApp" time="0.004"/>
</testsuite>